<?xml version="1.0" encoding="UTF-8"?>
<robot generator="Robot 6.1 (Python 3.11.4 on win32)" generated="20230718 20:39:58.444" rpa="false" schemaversion="4">
<suite id="s1" name="TesteBetaCoodesh" source="C:\Users\Daniel\TesteCoodesh\TesteBetaCoodesh">
<suite id="s1-s1" name="TesteCoodesh" source="C:\Users\Daniel\TesteCoodesh\TesteBetaCoodesh\TesteCoodesh.robot">
<test id="s1-s1-t1" name="Caso de Teste 01: Carregar corretamente a homepage" line="5">
<kw name="Acessar a homepage da Beta Coodesh" library="ResourceCoodesh">
<kw name="Open Browser" library="SeleniumLibrary">
<arg>url=${URL}</arg>
<arg>browser=${BROWSER}</arg>
<doc>Opens a new browser instance to the optional ``url``.</doc>
<msg timestamp="20230718 20:39:58.919" level="INFO">Opening browser 'chrome' to base url 'https://beta.coodesh.com/auth/signin'.</msg>
<status status="PASS" starttime="20230718 20:39:58.918" endtime="20230718 20:40:09.323"/>
</kw>
<kw name="Maximize Browser Window" library="SeleniumLibrary">
<doc>Maximizes current browser window.</doc>
<status status="PASS" starttime="20230718 20:40:09.323" endtime="20230718 20:40:09.336"/>
</kw>
<status status="PASS" starttime="20230718 20:39:58.917" endtime="20230718 20:40:09.337"/>
</kw>
<status status="PASS" starttime="20230718 20:39:58.914" endtime="20230718 20:40:09.338"/>
</test>
<test id="s1-s1-t2" name="Caso de Teste 02: Criar conta" line="8">
<kw name="Clicar no botão criar conta de usuário" library="ResourceCoodesh">
<kw name="Wait Until Element Is Visible" library="SeleniumLibrary">
<arg>locator=${BTN_CRIARCONTA}</arg>
<doc>Waits until the element ``locator`` is visible.</doc>
<status status="PASS" starttime="20230718 20:40:09.344" endtime="20230718 20:40:09.453"/>
</kw>
<kw name="Click Element" library="SeleniumLibrary">
<arg>locator=${BTN_CRIARCONTA}</arg>
<doc>Click the element identified by ``locator``.</doc>
<msg timestamp="20230718 20:40:09.455" level="INFO">Clicking element '//a[@class='chakra-button css-jm60sf'][contains(.,'Criar conta')]'.</msg>
<status status="PASS" starttime="20230718 20:40:09.454" endtime="20230718 20:40:13.398"/>
</kw>
<status status="PASS" starttime="20230718 20:40:09.343" endtime="20230718 20:40:13.399"/>
</kw>
<status status="PASS" starttime="20230718 20:40:09.341" endtime="20230718 20:40:13.409"/>
</test>
<test id="s1-s1-t3" name="Caso de Teste 03: Preencher form" line="11">
<kw name="Digitar nome completo" library="ResourceCoodesh">
<kw name="Wait Until Element Is Visible" library="SeleniumLibrary">
<arg>locator=${NOME_COMPLETO}</arg>
<doc>Waits until the element ``locator`` is visible.</doc>
<status status="PASS" starttime="20230718 20:40:13.420" endtime="20230718 20:40:13.507"/>
</kw>
<kw name="Input Text" library="SeleniumLibrary">
<arg>locator=${NOME_COMPLETO}</arg>
<arg>text=Zachary Garrett</arg>
<doc>Types the given ``text`` into the text field identified by ``locator``.</doc>
<msg timestamp="20230718 20:40:13.510" level="INFO">Typing text 'Zachary Garrett' into text field 'field-6'.</msg>
<status status="PASS" starttime="20230718 20:40:13.507" endtime="20230718 20:40:14.622"/>
</kw>
<status status="PASS" starttime="20230718 20:40:13.419" endtime="20230718 20:40:14.622"/>
</kw>
<kw name="Digitar email" library="ResourceCoodesh">
<kw name="Wait Until Element Is Visible" library="SeleniumLibrary">
<arg>locator=${EMAIL}</arg>
<doc>Waits until the element ``locator`` is visible.</doc>
<status status="PASS" starttime="20230718 20:40:14.625" endtime="20230718 20:40:14.673"/>
</kw>
<kw name="Input Text" library="SeleniumLibrary">
<arg>locator=${EMAIL}</arg>
<arg>text=emma.clark@example.com</arg>
<doc>Types the given ``text`` into the text field identified by ``locator``.</doc>
<msg timestamp="20230718 20:40:14.675" level="INFO">Typing text 'emma.clark@example.com' into text field 'field-7'.</msg>
<status status="PASS" starttime="20230718 20:40:14.673" endtime="20230718 20:40:15.143"/>
</kw>
<status status="PASS" starttime="20230718 20:40:14.624" endtime="20230718 20:40:15.144"/>
</kw>
<kw name="Digitar senha" library="ResourceCoodesh">
<kw name="Wait Until Element Is Visible" library="SeleniumLibrary">
<arg>locator=${SENHA}</arg>
<doc>Waits until the element ``locator`` is visible.</doc>
<status status="PASS" starttime="20230718 20:40:15.146" endtime="20230718 20:40:15.190"/>
</kw>
<kw name="Input Text" library="SeleniumLibrary">
<arg>locator=${SENHA}</arg>
<arg>text=9638521@A123a#</arg>
<doc>Types the given ``text`` into the text field identified by ``locator``.</doc>
<msg timestamp="20230718 20:40:15.192" level="INFO">Typing text '9638521@A123a#' into text field 'field-8'.</msg>
<status status="PASS" starttime="20230718 20:40:15.191" endtime="20230718 20:40:15.544"/>
</kw>
<status status="PASS" starttime="20230718 20:40:15.145" endtime="20230718 20:40:15.545"/>
</kw>
<kw name="Clicar aceitar politica de privacidade" library="ResourceCoodesh">
<kw name="Click Element" library="SeleniumLibrary">
<arg>locator=${RADIO}</arg>
<doc>Click the element identified by ``locator``.</doc>
<msg timestamp="20230718 20:40:15.549" level="INFO">Clicking element '(//span[contains(@class,'chakra-switch__thumb css-7roig')])[1]'.</msg>
<status status="PASS" starttime="20230718 20:40:15.547" endtime="20230718 20:40:15.705"/>
</kw>
<status status="PASS" starttime="20230718 20:40:15.545" endtime="20230718 20:40:15.705"/>
</kw>
<kw name="Clicar no botão inscreva-se" library="ResourceCoodesh">
<kw name="Click Element" library="SeleniumLibrary">
<arg>locator=${INSCREVA_SE}</arg>
<doc>Click the element identified by ``locator``.</doc>
<msg timestamp="20230718 20:40:15.710" level="INFO">Clicking element '(//button[@type='submit'][contains(.,'Inscreva-se')])[1]'.</msg>
<status status="PASS" starttime="20230718 20:40:15.708" endtime="20230718 20:40:16.038"/>
</kw>
<status status="PASS" starttime="20230718 20:40:15.707" endtime="20230718 20:40:16.039"/>
</kw>
<status status="PASS" starttime="20230718 20:40:13.417" endtime="20230718 20:40:16.068"/>
</test>
<test id="s1-s1-t4" name="Caso de Teste 04: Dados pessoais" line="18">
<kw name="Acessar pagina dados pessoais e preencher" library="ResourceCoodesh">
<kw name="Wait Until Element Is Visible" library="SeleniumLibrary">
<arg>locator=${BACKEND}</arg>
<doc>Waits until the element ``locator`` is visible.</doc>
<msg timestamp="20230718 20:40:21.356" level="INFO" html="true">&lt;/td&gt;&lt;/tr&gt;&lt;tr&gt;&lt;td colspan="3"&gt;&lt;a href="selenium-screenshot-73.png"&gt;&lt;img src="selenium-screenshot-73.png" width="800px"&gt;&lt;/a&gt;</msg>
<msg timestamp="20230718 20:40:21.357" level="FAIL">Element '//div[@class='checkbox-outline__label d-flex flex-column justify-content-center mb-3 px-5 py-3 rounded'][contains(.,'Back-End Developer')]' not visible after 5 seconds.</msg>
<status status="FAIL" starttime="20230718 20:40:16.075" endtime="20230718 20:40:21.369"/>
</kw>
<kw name="Click Element" library="SeleniumLibrary">
<arg>locator=${BACKEND}</arg>
<doc>Click the element identified by ``locator``.</doc>
<status status="NOT RUN" starttime="20230718 20:40:21.370" endtime="20230718 20:40:21.370"/>
</kw>
<status status="FAIL" starttime="20230718 20:40:16.073" endtime="20230718 20:40:21.370"/>
</kw>
<status status="FAIL" starttime="20230718 20:40:16.071" endtime="20230718 20:40:21.371">Element '//div[@class='checkbox-outline__label d-flex flex-column justify-content-center mb-3 px-5 py-3 rounded'][contains(.,'Back-End Developer')]' not visible after 5 seconds.</status>
</test>
<status status="FAIL" starttime="20230718 20:39:58.501" endtime="20230718 20:40:21.375"/>
</suite>
<status status="FAIL" starttime="20230718 20:39:58.456" endtime="20230718 20:40:21.379"/>
</suite>
<statistics>
<total>
<stat pass="3" fail="1" skip="0">All Tests</stat>
</total>
<tag>
</tag>
<suite>
<stat pass="3" fail="1" skip="0" id="s1" name="TesteBetaCoodesh">TesteBetaCoodesh</stat>
<stat pass="3" fail="1" skip="0" id="s1-s1" name="TesteCoodesh">TesteBetaCoodesh.TesteCoodesh</stat>
</suite>
</statistics>
<errors>
</errors>
</robot>
